<?xml version="1.0" encoding="UTF-8"?>
<testsuite xmlns:xsi="http://www.w3.org/2001/XMLSchema-instance" xsi:noNamespaceSchemaLocation="https://maven.apache.org/surefire/maven-surefire-plugin/xsd/surefire-test-report-3.0.xsd" version="3.0" name="edu.yu.project1Tests" time="0.107" tests="2" errors="0" skipped="0" failures="0">
  <properties>
    <property name="gopherProxySet" value="false"/>
    <property name="awt.toolkit" value="sun.lwawt.macosx.LWCToolkit"/>
    <property name="http.proxyHost" value="127.0.0.1"/>
    <property name="java.specification.version" value="11"/>
    <property name="sun.cpu.isalist" value=""/>
    <property name="sun.jnu.encoding" value="UTF-8"/>
    <property name="java.class.path" value="/Users/avilinzer/Desktop/Coding/Linzer_Abraham_7542086209/DataStructures/project/stage1/target/test-classes:/Users/avilinzer/Desktop/Coding/Linzer_Abraham_7542086209/DataStructures/project/stage1/target/classes:/Users/avilinzer/.m2/repository/org/junit/jupiter/junit-jupiter-api/5.7.1/junit-jupiter-api-5.7.1.jar:/Users/avilinzer/.m2/repository/org/apiguardian/apiguardian-api/1.1.0/apiguardian-api-1.1.0.jar:/Users/avilinzer/.m2/repository/org/opentest4j/opentest4j/1.2.0/opentest4j-1.2.0.jar:/Users/avilinzer/.m2/repository/org/junit/platform/junit-platform-commons/1.7.1/junit-platform-commons-1.7.1.jar:/Users/avilinzer/.m2/repository/org/junit/jupiter/junit-jupiter-engine/5.7.1/junit-jupiter-engine-5.7.1.jar:/Users/avilinzer/.m2/repository/org/junit/platform/junit-platform-engine/1.7.1/junit-platform-engine-1.7.1.jar:/Users/avilinzer/.m2/repository/junit/junit/4.13/junit-4.13.jar:/Users/avilinzer/.m2/repository/org/hamcrest/hamcrest-core/1.3/hamcrest-core-1.3.jar:/Users/avilinzer/.m2/repository/org/junit/vintage/junit-vintage-engine/5.7.1/junit-vintage-engine-5.7.1.jar:/Users/avilinzer/.m2/repository/org/apache/maven/plugins/maven-surefire-plugin/3.0.0-M5/maven-surefire-plugin-3.0.0-M5.jar:/Users/avilinzer/.m2/repository/org/apache/maven/surefire/maven-surefire-common/3.0.0-M5/maven-surefire-common-3.0.0-M5.jar:/Users/avilinzer/.m2/repository/org/apache/maven/surefire/surefire-api/3.0.0-M5/surefire-api-3.0.0-M5.jar:/Users/avilinzer/.m2/repository/org/apache/maven/surefire/surefire-logger-api/3.0.0-M5/surefire-logger-api-3.0.0-M5.jar:/Users/avilinzer/.m2/repository/org/apache/maven/surefire/surefire-extensions-api/3.0.0-M5/surefire-extensions-api-3.0.0-M5.jar:/Users/avilinzer/.m2/repository/org/apache/maven/surefire/surefire-booter/3.0.0-M5/surefire-booter-3.0.0-M5.jar:/Users/avilinzer/.m2/repository/org/apache/maven/surefire/surefire-extensions-spi/3.0.0-M5/surefire-extensions-spi-3.0.0-M5.jar:/Users/avilinzer/.m2/repository/org/apache/maven/maven-toolchain/3.0-alpha-2/maven-toolchain-3.0-alpha-2.jar:/Users/avilinzer/.m2/repository/org/apache/maven/shared/maven-artifact-transfer/0.11.0/maven-artifact-transfer-0.11.0.jar:/Users/avilinzer/.m2/repository/org/apache/maven/shared/maven-common-artifact-filters/3.0.1/maven-common-artifact-filters-3.0.1.jar:/Users/avilinzer/.m2/repository/org/apache/maven/maven-model/3.0/maven-model-3.0.jar:/Users/avilinzer/.m2/repository/org/apache/maven/maven-plugin-api/3.0/maven-plugin-api-3.0.jar:/Users/avilinzer/.m2/repository/org/sonatype/sisu/sisu-inject-plexus/1.4.2/sisu-inject-plexus-1.4.2.jar:/Users/avilinzer/.m2/repository/org/codehaus/plexus/plexus-classworlds/2.2.3/plexus-classworlds-2.2.3.jar:/Users/avilinzer/.m2/repository/org/sonatype/sisu/sisu-inject-bean/1.4.2/sisu-inject-bean-1.4.2.jar:/Users/avilinzer/.m2/repository/org/sonatype/sisu/sisu-guice/2.1.7/sisu-guice-2.1.7-noaop.jar:/Users/avilinzer/.m2/repository/org/apache/maven/shared/maven-shared-utils/3.1.0/maven-shared-utils-3.1.0.jar:/Users/avilinzer/.m2/repository/commons-io/commons-io/2.5/commons-io-2.5.jar:/Users/avilinzer/.m2/repository/commons-codec/commons-codec/1.11/commons-codec-1.11.jar:/Users/avilinzer/.m2/repository/org/codehaus/plexus/plexus-java/1.0.5/plexus-java-1.0.5.jar:/Users/avilinzer/.m2/repository/org/ow2/asm/asm/7.2/asm-7.2.jar:/Users/avilinzer/.m2/repository/com/thoughtworks/qdox/qdox/2.0-M9/qdox-2.0-M9.jar:/Users/avilinzer/.m2/repository/org/apache/maven/surefire/surefire-shared-utils/3.0.0-M4/surefire-shared-utils-3.0.0-M4.jar:"/>
    <property name="https.proxyPort" value="9119"/>
    <property name="java.vm.vendor" value="Oracle Corporation"/>
    <property name="sun.arch.data.model" value="64"/>
    <property name="java.vendor.url" value="https://openjdk.java.net/"/>
    <property name="user.timezone" value=""/>
    <property name="java.vm.specification.version" value="11"/>
    <property name="os.name" value="Mac OS X"/>
    <property name="sun.java.launcher" value="SUN_STANDARD"/>
    <property name="user.country" value="US"/>
    <property name="sun.boot.library.path" value="/Library/Java/JavaVirtualMachines/jdk-11.0.12.jdk/Contents/Home/lib"/>
    <property name="sun.java.command" value="/Users/avilinzer/Desktop/Coding/Linzer_Abraham_7542086209/DataStructures/project/stage1/target/surefire/surefirebooter222291516787351924.jar /Users/avilinzer/Desktop/Coding/Linzer_Abraham_7542086209/DataStructures/project/stage1/target/surefire 2022-02-27T12-27-03_877-jvmRun1 surefire13211975025612540698tmp surefire_07321005122593636306tmp"/>
    <property name="http.nonProxyHosts" value="netsparkmobile.com|*.netsparkmobile.com|canopy.us|*.canopy.us|rimon.net.il|*.rimon.net.il|fe80::/64|*.fe80::/64|2a03:d5c0:1c00::/44|*.2a03:d5c0:1c00::/44|2a03:d5c0:1c20::/44|*.2a03:d5c0:1c20::/44|2a00:1450:4007:817::200a/128|*.2a00:1450:4007:817::200a/128|10.0.0.0/8|*.10.0.0.0/8|192.168.0.0/16|*.192.168.0.0/16|172.16.0.0/12|*.172.16.0.0/12|127.0.0.0/8|*.127.0.0.0/8|224.0.0.0/4|*.224.0.0.0/4|80.178.157.0/25|*.80.178.157.0/25|213.151.35.208/28|*.213.151.35.208/28|212.76.127.0/24|*.212.76.127.0/24|82.163.137.0/24|*.82.163.137.0/24|88.202.218.0/24|*.88.202.218.0/24|141.226.232.0/24|*.141.226.232.0/24|37.60.47.0/25|*.37.60.47.0/25|37.60.47.128/27|*.37.60.47.128/27|38.125.100.99/32|*.38.125.100.99/32|17.0.0.0/8|*.17.0.0.0/8|38.125.100.30/32|*.38.125.100.30/32|38.123.230.20/32|*.38.123.230.20/32|8.8.8.8/32|*.8.8.8.8/32|8.8.4.4/32|*.8.8.4.4/32|77.88.8.8/32|*.77.88.8.8/32|77.88.8.1/32|*.77.88.8.1/32|208.67.222.123/32|*.208.67.222.123/32|208.67.220.123/32|*.208.67.220.123/32|Drive.google.com|*.Drive.google.com|Docs.google.com|*.Docs.google.com"/>
    <property name="jdk.debug" value="release"/>
    <property name="surefire.test.class.path" value="/Users/avilinzer/Desktop/Coding/Linzer_Abraham_7542086209/DataStructures/project/stage1/target/test-classes:/Users/avilinzer/Desktop/Coding/Linzer_Abraham_7542086209/DataStructures/project/stage1/target/classes:/Users/avilinzer/.m2/repository/org/junit/jupiter/junit-jupiter-api/5.7.1/junit-jupiter-api-5.7.1.jar:/Users/avilinzer/.m2/repository/org/apiguardian/apiguardian-api/1.1.0/apiguardian-api-1.1.0.jar:/Users/avilinzer/.m2/repository/org/opentest4j/opentest4j/1.2.0/opentest4j-1.2.0.jar:/Users/avilinzer/.m2/repository/org/junit/platform/junit-platform-commons/1.7.1/junit-platform-commons-1.7.1.jar:/Users/avilinzer/.m2/repository/org/junit/jupiter/junit-jupiter-engine/5.7.1/junit-jupiter-engine-5.7.1.jar:/Users/avilinzer/.m2/repository/org/junit/platform/junit-platform-engine/1.7.1/junit-platform-engine-1.7.1.jar:/Users/avilinzer/.m2/repository/junit/junit/4.13/junit-4.13.jar:/Users/avilinzer/.m2/repository/org/hamcrest/hamcrest-core/1.3/hamcrest-core-1.3.jar:/Users/avilinzer/.m2/repository/org/junit/vintage/junit-vintage-engine/5.7.1/junit-vintage-engine-5.7.1.jar:/Users/avilinzer/.m2/repository/org/apache/maven/plugins/maven-surefire-plugin/3.0.0-M5/maven-surefire-plugin-3.0.0-M5.jar:/Users/avilinzer/.m2/repository/org/apache/maven/surefire/maven-surefire-common/3.0.0-M5/maven-surefire-common-3.0.0-M5.jar:/Users/avilinzer/.m2/repository/org/apache/maven/surefire/surefire-api/3.0.0-M5/surefire-api-3.0.0-M5.jar:/Users/avilinzer/.m2/repository/org/apache/maven/surefire/surefire-logger-api/3.0.0-M5/surefire-logger-api-3.0.0-M5.jar:/Users/avilinzer/.m2/repository/org/apache/maven/surefire/surefire-extensions-api/3.0.0-M5/surefire-extensions-api-3.0.0-M5.jar:/Users/avilinzer/.m2/repository/org/apache/maven/surefire/surefire-booter/3.0.0-M5/surefire-booter-3.0.0-M5.jar:/Users/avilinzer/.m2/repository/org/apache/maven/surefire/surefire-extensions-spi/3.0.0-M5/surefire-extensions-spi-3.0.0-M5.jar:/Users/avilinzer/.m2/repository/org/apache/maven/maven-toolchain/3.0-alpha-2/maven-toolchain-3.0-alpha-2.jar:/Users/avilinzer/.m2/repository/org/apache/maven/shared/maven-artifact-transfer/0.11.0/maven-artifact-transfer-0.11.0.jar:/Users/avilinzer/.m2/repository/org/apache/maven/shared/maven-common-artifact-filters/3.0.1/maven-common-artifact-filters-3.0.1.jar:/Users/avilinzer/.m2/repository/org/apache/maven/maven-model/3.0/maven-model-3.0.jar:/Users/avilinzer/.m2/repository/org/apache/maven/maven-plugin-api/3.0/maven-plugin-api-3.0.jar:/Users/avilinzer/.m2/repository/org/sonatype/sisu/sisu-inject-plexus/1.4.2/sisu-inject-plexus-1.4.2.jar:/Users/avilinzer/.m2/repository/org/codehaus/plexus/plexus-classworlds/2.2.3/plexus-classworlds-2.2.3.jar:/Users/avilinzer/.m2/repository/org/sonatype/sisu/sisu-inject-bean/1.4.2/sisu-inject-bean-1.4.2.jar:/Users/avilinzer/.m2/repository/org/sonatype/sisu/sisu-guice/2.1.7/sisu-guice-2.1.7-noaop.jar:/Users/avilinzer/.m2/repository/org/apache/maven/shared/maven-shared-utils/3.1.0/maven-shared-utils-3.1.0.jar:/Users/avilinzer/.m2/repository/commons-io/commons-io/2.5/commons-io-2.5.jar:/Users/avilinzer/.m2/repository/commons-codec/commons-codec/1.11/commons-codec-1.11.jar:/Users/avilinzer/.m2/repository/org/codehaus/plexus/plexus-java/1.0.5/plexus-java-1.0.5.jar:/Users/avilinzer/.m2/repository/org/ow2/asm/asm/7.2/asm-7.2.jar:/Users/avilinzer/.m2/repository/com/thoughtworks/qdox/qdox/2.0-M9/qdox-2.0-M9.jar:/Users/avilinzer/.m2/repository/org/apache/maven/surefire/surefire-shared-utils/3.0.0-M4/surefire-shared-utils-3.0.0-M4.jar:"/>
    <property name="sun.cpu.endian" value="little"/>
    <property name="user.home" value="/Users/avilinzer"/>
    <property name="user.language" value="en"/>
    <property name="java.specification.vendor" value="Oracle Corporation"/>
    <property name="java.version.date" value="2021-07-20"/>
    <property name="java.home" value="/Library/Java/JavaVirtualMachines/jdk-11.0.12.jdk/Contents/Home"/>
    <property name="file.separator" value="/"/>
    <property name="https.proxyHost" value="127.0.0.1"/>
    <property name="basedir" value="/Users/avilinzer/Desktop/Coding/Linzer_Abraham_7542086209/DataStructures/project/stage1"/>
    <property name="java.vm.compressedOopsMode" value="Zero based"/>
    <property name="line.separator" value="&#10;"/>
    <property name="java.specification.name" value="Java Platform API Specification"/>
    <property name="java.vm.specification.vendor" value="Oracle Corporation"/>
    <property name="java.awt.graphicsenv" value="sun.awt.CGraphicsEnvironment"/>
    <property name="surefire.real.class.path" value="/Users/avilinzer/Desktop/Coding/Linzer_Abraham_7542086209/DataStructures/project/stage1/target/surefire/surefirebooter222291516787351924.jar"/>
    <property name="sun.management.compiler" value="HotSpot 64-Bit Tiered Compilers"/>
    <property name="ftp.nonProxyHosts" value="netsparkmobile.com|*.netsparkmobile.com|canopy.us|*.canopy.us|rimon.net.il|*.rimon.net.il|fe80::/64|*.fe80::/64|2a03:d5c0:1c00::/44|*.2a03:d5c0:1c00::/44|2a03:d5c0:1c20::/44|*.2a03:d5c0:1c20::/44|2a00:1450:4007:817::200a/128|*.2a00:1450:4007:817::200a/128|10.0.0.0/8|*.10.0.0.0/8|192.168.0.0/16|*.192.168.0.0/16|172.16.0.0/12|*.172.16.0.0/12|127.0.0.0/8|*.127.0.0.0/8|224.0.0.0/4|*.224.0.0.0/4|80.178.157.0/25|*.80.178.157.0/25|213.151.35.208/28|*.213.151.35.208/28|212.76.127.0/24|*.212.76.127.0/24|82.163.137.0/24|*.82.163.137.0/24|88.202.218.0/24|*.88.202.218.0/24|141.226.232.0/24|*.141.226.232.0/24|37.60.47.0/25|*.37.60.47.0/25|37.60.47.128/27|*.37.60.47.128/27|38.125.100.99/32|*.38.125.100.99/32|17.0.0.0/8|*.17.0.0.0/8|38.125.100.30/32|*.38.125.100.30/32|38.123.230.20/32|*.38.123.230.20/32|8.8.8.8/32|*.8.8.8.8/32|8.8.4.4/32|*.8.8.4.4/32|77.88.8.8/32|*.77.88.8.8/32|77.88.8.1/32|*.77.88.8.1/32|208.67.222.123/32|*.208.67.222.123/32|208.67.220.123/32|*.208.67.220.123/32|Drive.google.com|*.Drive.google.com|Docs.google.com|*.Docs.google.com"/>
    <property name="java.runtime.version" value="11.0.12+8-LTS-237"/>
    <property name="user.name" value="avilinzer"/>
    <property name="path.separator" value=":"/>
    <property name="os.version" value="11.2"/>
    <property name="java.runtime.name" value="Java(TM) SE Runtime Environment"/>
    <property name="file.encoding" value="UTF-8"/>
    <property name="java.vm.name" value="Java HotSpot(TM) 64-Bit Server VM"/>
    <property name="java.vendor.version" value="18.9"/>
    <property name="localRepository" value="/Users/avilinzer/.m2/repository"/>
    <property name="java.vendor.url.bug" value="https://bugreport.java.com/bugreport/"/>
    <property name="java.io.tmpdir" value="/var/folders/n0/pnxzn4k11ssfvrwpnt3ls79r0000gn/T/"/>
    <property name="java.version" value="11.0.12"/>
    <property name="user.dir" value="/Users/avilinzer/Desktop/Coding/Linzer_Abraham_7542086209/DataStructures/project/stage1"/>
    <property name="os.arch" value="x86_64"/>
    <property name="java.vm.specification.name" value="Java Virtual Machine Specification"/>
    <property name="java.awt.printerjob" value="sun.lwawt.macosx.CPrinterJob"/>
    <property name="sun.os.patch.level" value="unknown"/>
    <property name="java.library.path" value="/Users/avilinzer/Library/Java/Extensions:/Library/Java/Extensions:/Network/Library/Java/Extensions:/System/Library/Java/Extensions:/usr/lib/java:."/>
    <property name="java.vendor" value="Oracle Corporation"/>
    <property name="java.vm.info" value="mixed mode"/>
    <property name="java.vm.version" value="11.0.12+8-LTS-237"/>
    <property name="sun.io.unicode.encoding" value="UnicodeBig"/>
    <property name="java.class.version" value="55.0"/>
    <property name="socksNonProxyHosts" value="netsparkmobile.com|*.netsparkmobile.com|canopy.us|*.canopy.us|rimon.net.il|*.rimon.net.il|fe80::/64|*.fe80::/64|2a03:d5c0:1c00::/44|*.2a03:d5c0:1c00::/44|2a03:d5c0:1c20::/44|*.2a03:d5c0:1c20::/44|2a00:1450:4007:817::200a/128|*.2a00:1450:4007:817::200a/128|10.0.0.0/8|*.10.0.0.0/8|192.168.0.0/16|*.192.168.0.0/16|172.16.0.0/12|*.172.16.0.0/12|127.0.0.0/8|*.127.0.0.0/8|224.0.0.0/4|*.224.0.0.0/4|80.178.157.0/25|*.80.178.157.0/25|213.151.35.208/28|*.213.151.35.208/28|212.76.127.0/24|*.212.76.127.0/24|82.163.137.0/24|*.82.163.137.0/24|88.202.218.0/24|*.88.202.218.0/24|141.226.232.0/24|*.141.226.232.0/24|37.60.47.0/25|*.37.60.47.0/25|37.60.47.128/27|*.37.60.47.128/27|38.125.100.99/32|*.38.125.100.99/32|17.0.0.0/8|*.17.0.0.0/8|38.125.100.30/32|*.38.125.100.30/32|38.123.230.20/32|*.38.123.230.20/32|8.8.8.8/32|*.8.8.8.8/32|8.8.4.4/32|*.8.8.4.4/32|77.88.8.8/32|*.77.88.8.8/32|77.88.8.1/32|*.77.88.8.1/32|208.67.222.123/32|*.208.67.222.123/32|208.67.220.123/32|*.208.67.220.123/32|Drive.google.com|*.Drive.google.com|Docs.google.com|*.Docs.google.com"/>
    <property name="http.proxyPort" value="9119"/>
  </properties>
  <testcase name="fillDocStoreTest" classname="edu.yu.project1Tests" time="0.077"/>
  <testcase name="putOneDocumentTest" classname="edu.yu.project1Tests" time="0.002"/>
</testsuite>